#
# There is insufficient memory for the Java Runtime Environment to continue.
# Native memory allocation (malloc) failed to allocate 32744 bytes for ChunkPool::allocate
# Possible reasons:
#   The system is out of physical RAM or swap space
#   The process is running with CompressedOops enabled, and the Java Heap may be blocking the growth of the native heap
# Possible solutions:
#   Reduce memory load on the system
#   Increase physical memory or swap space
#   Check if swap backing store is full
#   Decrease Java heap size (-Xmx/-Xms)
#   Decrease number of Java threads
#   Decrease Java thread stack sizes (-Xss)
#   Set larger code cache with -XX:ReservedCodeCacheSize=
#   JVM is running with Zero Based Compressed Oops mode in which the Java heap is
#     placed in the first 32GB address space. The Java Heap base address is the
#     maximum limit for the native heap growth. Please use -XX:HeapBaseMinAddress
#     to set the Java Heap base and to place the Java Heap above 32GB virtual address.
# This output file may be truncated or incomplete.
#
#  Out of Memory Error (./src/hotspot/share/memory/arena.cpp:81), pid=16556, tid=17396
#
# JRE version: OpenJDK Runtime Environment (11.0.8+10) (build 11.0.8+10-b944.6842174)
# Java VM: OpenJDK 64-Bit Server VM (11.0.8+10-b944.6842174, mixed mode, tiered, compressed oops, g1 gc, windows-amd64)
# No core dump will be written. Minidumps are not enabled by default on client versions of Windows
#

---------------  S U M M A R Y ------------

Command Line: -Dorg.gradle.appname=gradlew org.gradle.wrapper.GradleWrapperMain -q -Ptarget-platform=android-arm -Ptarget=C:\Users\UUU\Desktop\AREA 51\apps\project2login\lib\main.dart -Pdart-defines=Zmx1dHRlci5pbnNwZWN0b3Iuc3RydWN0dXJlZEVycm9ycz10cnVl,RkxVVFRFUl9XRUJfQVVUT19ERVRFQ1Q9dHJ1ZQ== -Pdart-obfuscation=false -Ptrack-widget-creation=true -Ptree-shake-icons=false -Pfilesystem-scheme=org-dartlang-root assembleDebug

Host: Intel(R) Core(TM) i5-5200U CPU @ 2.20GHz, 4 cores, 15G,  Windows 10 , 64 bit Build 18362 (10.0.18362.1766)
Time: Sun Sep 26 22:13:04 2021 Greenwich Standard Time elapsed time: 185 seconds (0d 0h 3m 5s)

---------------  T H R E A D  ---------------

Current thread (0x000002316e970000):  JavaThread "C2 CompilerThread0" daemon [_thread_in_native, id=17396, stack(0x0000008481300000,0x0000008481400000)]


Current CompileTask:
C2: 185093 1661       4       java.util.regex.Matcher::reset (128 bytes)

Stack: [0x0000008481300000,0x0000008481400000]
Native frames: (J=compiled Java code, j=interpreted, Vv=VM code, C=native code)
V  [jvm.dll+0x5de50a]
V  [jvm.dll+0x7122f5]
V  [jvm.dll+0x71384d]
V  [jvm.dll+0x713f03]
V  [jvm.dll+0x23e728]
V  [jvm.dll+0xb8beb]
V  [jvm.dll+0xb8e9c]
V  [jvm.dll+0xb8a98]
V  [jvm.dll+0x5be3b0]
V  [jvm.dll+0x60eabe]
V  [jvm.dll+0x193f88]
V  [jvm.dll+0x1f780e]
V  [jvm.dll+0x1f68d4]
V  [jvm.dll+0x17f32c]
V  [jvm.dll+0x205047]
V  [jvm.dll+0x203891]
V  [jvm.dll+0x6dad3f]
V  [jvm.dll+0x6d3895]
V  [jvm.dll+0x5dd4a6]
C  [ucrtbase.dll+0x210b2]
C  [KERNEL32.DLL+0x17c24]
C  [ntdll.dll+0x6d721]


---------------  P R O C E S S  ---------------

Threads class SMR info:
_java_thread_list=0x000002316f5bc1a0, length=11, elements={
0x000002314ff8f800, 0x000002316e0bf800, 0x000002316e95c000, 0x000002316e96c800,
0x000002316e96e800, 0x000002316e970000, 0x000002316e0cd800, 0x000002316ea43000,
0x000002316eb2a000, 0x000002316eb3d800, 0x000002316f01b000
}

Java Threads: ( => current thread )
  0x000002314ff8f800 JavaThread "main" [_thread_in_native, id=12484, stack(0x0000008480800000,0x0000008480900000)]
  0x000002316e0bf800 JavaThread "Reference Handler" daemon [_thread_blocked, id=18904, stack(0x0000008480f00000,0x0000008481000000)]
  0x000002316e95c000 JavaThread "Finalizer" daemon [_thread_blocked, id=20364, stack(0x0000008481000000,0x0000008481100000)]
  0x000002316e96c800 JavaThread "Signal Dispatcher" daemon [_thread_blocked, id=8676, stack(0x0000008481100000,0x0000008481200000)]
  0x000002316e96e800 JavaThread "Attach Listener" daemon [_thread_blocked, id=6724, stack(0x0000008481200000,0x0000008481300000)]
=>0x000002316e970000 JavaThread "C2 CompilerThread0" daemon [_thread_in_native, id=17396, stack(0x0000008481300000,0x0000008481400000)]
  0x000002316e0cd800 JavaThread "C1 CompilerThread0" daemon [_thread_blocked, id=18720, stack(0x0000008481400000,0x0000008481500000)]
  0x000002316ea43000 JavaThread "Sweeper thread" daemon [_thread_blocked, id=14644, stack(0x0000008481500000,0x0000008481600000)]
  0x000002316eb2a000 JavaThread "Service Thread" daemon [_thread_blocked, id=12272, stack(0x0000008481600000,0x0000008481700000)]
  0x000002316eb3d800 JavaThread "Common-Cleaner" daemon [_thread_blocked, id=3508, stack(0x0000008481800000,0x0000008481900000)]
  0x000002316f01b000 JavaThread "pool-1-thread-1" [_thread_blocked, id=1564, stack(0x0000008481b00000,0x0000008481c00000)]

Other Threads:
  0x000002316e0b8000 VMThread "VM Thread" [stack: 0x0000008480e00000,0x0000008480f00000] [id=1860]
  0x000002316eb2d000 WatcherThread [stack: 0x0000008481700000,0x0000008481800000] [id=2596]
  0x000002314ffa7000 GCTaskThread "GC Thread#0" [stack: 0x0000008480900000,0x0000008480a00000] [id=12600]
  0x000002316ec54000 GCTaskThread "GC Thread#1" [stack: 0x0000008480500000,0x0000008480600000] [id=5468]
  0x000002316ee55800 GCTaskThread "GC Thread#2" [stack: 0x0000008481900000,0x0000008481a00000] [id=6752]
  0x000002316ec5a800 GCTaskThread "GC Thread#3" [stack: 0x0000008481a00000,0x0000008481b00000] [id=19604]
  0x0000023150000800 ConcurrentGCThread "G1 Main Marker" [stack: 0x0000008480a00000,0x0000008480b00000] [id=20100]
  0x0000023150002000 ConcurrentGCThread "G1 Conc#0" [stack: 0x0000008480b00000,0x0000008480c00000] [id=19748]
  0x000002316df70800 ConcurrentGCThread "G1 Refine#0" [stack: 0x0000008480c00000,0x0000008480d00000] [id=19600]
  0x000002316df72800 ConcurrentGCThread "G1 Young RemSet Sampling" [stack: 0x0000008480d00000,0x0000008480e00000] [id=3196]

Threads with active compile tasks:
C2 CompilerThread0 185161 1661       4       java.util.regex.Matcher::reset (128 bytes)

VM state:not at safepoint (normal execution)

VM Mutex/Monitor currently owned by a thread: None

Heap address: 0x0000000709600000, size: 3946 MB, Compressed Oops mode: Zero based, Oop shift amount: 3
Narrow klass base: 0x0000000800000000, Narrow klass shift: 0
Compressed class space size: 1073741824 Address: 0x0000000800000000

Heap:
 garbage-first heap   total 253952K, used 21033K [0x0000000709600000, 0x0000000800000000)
  region size 1024K, 14 young (14336K), 2 survivors (2048K)
 Metaspace       used 16009K, capacity 16339K, committed 16640K, reserved 1064960K
  class space    used 1806K, capacity 1940K, committed 2048K, reserved 1048576K
Heap Regions: E=young(eden), S=young(survivor), O=old, HS=humongous(starts), HC=humongous(continues), CS=collection set, F=free, A=archive, TAMS=top-at-mark-start (previous, next)
|   0|0x0000000709600000, 0x00000007096f1400, 0x0000000709700000| 94%| O|  |TAMS 0x0000000709600000, 0x0000000709600000| Untracked 
|   1|0x0000000709700000, 0x0000000709700000, 0x0000000709800000|  0%| F|  |TAMS 0x0000000709700000, 0x0000000709700000| Untracked 
|   2|0x0000000709800000, 0x0000000709800000, 0x0000000709900000|  0%| F|  |TAMS 0x0000000709800000, 0x0000000709800000| Untracked 
|   3|0x0000000709900000, 0x0000000709a00000, 0x0000000709a00000|100%|HS|  |TAMS 0x0000000709900000, 0x0000000709900000| Complete 
|   4|0x0000000709a00000, 0x0000000709b00000, 0x0000000709b00000|100%|HC|  |TAMS 0x0000000709a00000, 0x0000000709a00000| Complete 
|   5|0x0000000709b00000, 0x0000000709c00000, 0x0000000709c00000|100%|HC|  |TAMS 0x0000000709b00000, 0x0000000709b00000| Complete 
|   6|0x0000000709c00000, 0x0000000709d00000, 0x0000000709d00000|100%| O|  |TAMS 0x0000000709c00000, 0x0000000709c00000| Untracked 
|   7|0x0000000709d00000, 0x0000000709e00000, 0x0000000709e00000|100%| O|  |TAMS 0x0000000709d00000, 0x0000000709d00000| Untracked 
|   8|0x0000000709e00000, 0x0000000709f00000, 0x0000000709f00000|100%| O|  |TAMS 0x0000000709e00000, 0x0000000709e00000| Untracked 
|   9|0x0000000709f00000, 0x000000070a000000, 0x000000070a000000|100%| O|  |TAMS 0x0000000709f00000, 0x0000000709f00000| Untracked 
|  10|0x000000070a000000, 0x000000070a000000, 0x000000070a100000|  0%| F|  |TAMS 0x000000070a000000, 0x000000070a000000| Untracked 
|  11|0x000000070a100000, 0x000000070a100000, 0x000000070a200000|  0%| F|  |TAMS 0x000000070a100000, 0x000000070a100000| Untracked 
|  12|0x000000070a200000, 0x000000070a200000, 0x000000070a300000|  0%| F|  |TAMS 0x000000070a200000, 0x000000070a200000| Untracked 
|  13|0x000000070a300000, 0x000000070a300000, 0x000000070a400000|  0%| F|  |TAMS 0x000000070a300000, 0x000000070a300000| Untracked 
|  14|0x000000070a400000, 0x000000070a400000, 0x000000070a500000|  0%| F|  |TAMS 0x000000070a400000, 0x000000070a400000| Untracked 
|  15|0x000000070a500000, 0x000000070a500000, 0x000000070a600000|  0%| F|  |TAMS 0x000000070a500000, 0x000000070a500000| Untracked 
|  16|0x000000070a600000, 0x000000070a600000, 0x000000070a700000|  0%| F|  |TAMS 0x000000070a600000, 0x000000070a600000| Untracked 
|  17|0x000000070a700000, 0x000000070a700000, 0x000000070a800000|  0%| F|  |TAMS 0x000000070a700000, 0x000000070a700000| Untracked 
|  18|0x000000070a800000, 0x000000070a800000, 0x000000070a900000|  0%| F|  |TAMS 0x000000070a800000, 0x000000070a800000| Untracked 
|  19|0x000000070a900000, 0x000000070a900000, 0x000000070aa00000|  0%| F|  |TAMS 0x000000070a900000, 0x000000070a900000| Untracked 
|  20|0x000000070aa00000, 0x000000070aa00000, 0x000000070ab00000|  0%| F|  |TAMS 0x000000070aa00000, 0x000000070aa00000| Untracked 
|  21|0x000000070ab00000, 0x000000070ab00000, 0x000000070ac00000|  0%| F|  |TAMS 0x000000070ab00000, 0x000000070ab00000| Untracked 
|  22|0x000000070ac00000, 0x000000070ac00000, 0x000000070ad00000|  0%| F|  |TAMS 0x000000070ac00000, 0x000000070ac00000| Untracked 
|  23|0x000000070ad00000, 0x000000070ad00000, 0x000000070ae00000|  0%| F|  |TAMS 0x000000070ad00000, 0x000000070ad00000| Untracked 
|  24|0x000000070ae00000, 0x000000070ae00000, 0x000000070af00000|  0%| F|  |TAMS 0x000000070ae00000, 0x000000070ae00000| Untracked 
|  25|0x000000070af00000, 0x000000070af00000, 0x000000070b000000|  0%| F|  |TAMS 0x000000070af00000, 0x000000070af00000| Untracked 
|  26|0x000000070b000000, 0x000000070b000000, 0x000000070b100000|  0%| F|  |TAMS 0x000000070b000000, 0x000000070b000000| Untracked 
|  27|0x000000070b100000, 0x000000070b100000, 0x000000070b200000|  0%| F|  |TAMS 0x000000070b100000, 0x000000070b100000| Untracked 
|  28|0x000000070b200000, 0x000000070b200000, 0x000000070b300000|  0%| F|  |TAMS 0x000000070b200000, 0x000000070b200000| Untracked 
|  29|0x000000070b300000, 0x000000070b300000, 0x000000070b400000|  0%| F|  |TAMS 0x000000070b300000, 0x000000070b300000| Untracked 
|  30|0x000000070b400000, 0x000000070b400000, 0x000000070b500000|  0%| F|  |TAMS 0x000000070b400000, 0x000000070b400000| Untracked 
|  31|0x000000070b500000, 0x000000070b500000, 0x000000070b600000|  0%| F|  |TAMS 0x000000070b500000, 0x000000070b500000| Untracked 
|  32|0x000000070b600000, 0x000000070b600000, 0x000000070b700000|  0%| F|  |TAMS 0x000000070b600000, 0x000000070b600000| Untracked 
|  33|0x000000070b700000, 0x000000070b700000, 0x000000070b800000|  0%| F|  |TAMS 0x000000070b700000, 0x000000070b700000| Untracked 
|  34|0x000000070b800000, 0x000000070b800000, 0x000000070b900000|  0%| F|  |TAMS 0x000000070b800000, 0x000000070b800000| Untracked 
|  35|0x000000070b900000, 0x000000070b900000, 0x000000070ba00000|  0%| F|  |TAMS 0x000000070b900000, 0x000000070b900000| Untracked 
|  36|0x000000070ba00000, 0x000000070ba00000, 0x000000070bb00000|  0%| F|  |TAMS 0x000000070ba00000, 0x000000070ba00000| Untracked 
|  37|0x000000070bb00000, 0x000000070bb00000, 0x000000070bc00000|  0%| F|  |TAMS 0x000000070bb00000, 0x000000070bb00000| Untracked 
|  38|0x000000070bc00000, 0x000000070bc00000, 0x000000070bd00000|  0%| F|  |TAMS 0x000000070bc00000, 0x000000070bc00000| Untracked 
|  39|0x000000070bd00000, 0x000000070bd00000, 0x000000070be00000|  0%| F|  |TAMS 0x000000070bd00000, 0x000000070bd00000| Untracked 
|  40|0x000000070be00000, 0x000000070be00000, 0x000000070bf00000|  0%| F|  |TAMS 0x000000070be00000, 0x000000070be00000| Untracked 
|  41|0x000000070bf00000, 0x000000070bf00000, 0x000000070c000000|  0%| F|  |TAMS 0x000000070bf00000, 0x000000070bf00000| Untracked 
|  42|0x000000070c000000, 0x000000070c000000, 0x000000070c100000|  0%| F|  |TAMS 0x000000070c000000, 0x000000070c000000| Untracked 
|  43|0x000000070c100000, 0x000000070c100000, 0x000000070c200000|  0%| F|  |TAMS 0x000000070c100000, 0x000000070c100000| Untracked 
|  44|0x000000070c200000, 0x000000070c200000, 0x000000070c300000|  0%| F|  |TAMS 0x000000070c200000, 0x000000070c200000| Untracked 
|  45|0x000000070c300000, 0x000000070c300000, 0x000000070c400000|  0%| F|  |TAMS 0x000000070c300000, 0x000000070c300000| Untracked 
|  46|0x000000070c400000, 0x000000070c400000, 0x000000070c500000|  0%| F|  |TAMS 0x000000070c400000, 0x000000070c400000| Untracked 
|  47|0x000000070c500000, 0x000000070c500000, 0x000000070c600000|  0%| F|  |TAMS 0x000000070c500000, 0x000000070c500000| Untracked 
|  48|0x000000070c600000, 0x000000070c600000, 0x000000070c700000|  0%| F|  |TAMS 0x000000070c600000, 0x000000070c600000| Untracked 
|  49|0x000000070c700000, 0x000000070c700000, 0x000000070c800000|  0%| F|  |TAMS 0x000000070c700000, 0x000000070c700000| Untracked 
|  50|0x000000070c800000, 0x000000070c800000, 0x000000070c900000|  0%| F|  |TAMS 0x000000070c800000, 0x000000070c800000| Untracked 
|  51|0x000000070c900000, 0x000000070c900000, 0x000000070ca00000|  0%| F|  |TAMS 0x000000070c900000, 0x000000070c900000| Untracked 
|  52|0x000000070ca00000, 0x000000070ca00000, 0x000000070cb00000|  0%| F|  |TAMS 0x000000070ca00000, 0x000000070ca00000| Untracked 
|  53|0x000000070cb00000, 0x000000070cb00000, 0x000000070cc00000|  0%| F|  |TAMS 0x000000070cb00000, 0x000000070cb00000| Untracked 
|  54|0x000000070cc00000, 0x000000070cc00000, 0x000000070cd00000|  0%| F|  |TAMS 0x000000070cc00000, 0x000000070cc00000| Untracked 
|  55|0x000000070cd00000, 0x000000070cd00000, 0x000000070ce00000|  0%| F|  |TAMS 0x000000070cd00000, 0x000000070cd00000| Untracked 
|  56|0x000000070ce00000, 0x000000070ce00000, 0x000000070cf00000|  0%| F|  |TAMS 0x000000070ce00000, 0x000000070ce00000| Untracked 
|  57|0x000000070cf00000, 0x000000070cf00000, 0x000000070d000000|  0%| F|  |TAMS 0x000000070cf00000, 0x000000070cf00000| Untracked 
|  58|0x000000070d000000, 0x000000070d000000, 0x000000070d100000|  0%| F|  |TAMS 0x000000070d000000, 0x000000070d000000| Untracked 
|  59|0x000000070d100000, 0x000000070d100000, 0x000000070d200000|  0%| F|  |TAMS 0x000000070d100000, 0x000000070d100000| Untracked 
|  60|0x000000070d200000, 0x000000070d200000, 0x000000070d300000|  0%| F|  |TAMS 0x000000070d200000, 0x000000070d200000| Untracked 
|  61|0x000000070d300000, 0x000000070d300000, 0x000000070d400000|  0%| F|  |TAMS 0x000000070d300000, 0x000000070d300000| Untracked 
|  62|0x000000070d400000, 0x000000070d400000, 0x000000070d500000|  0%| F|  |TAMS 0x000000070d400000, 0x000000070d400000| Untracked 
|  63|0x000000070d500000, 0x000000070d500000, 0x000000070d600000|  0%| F|  |TAMS 0x000000070d500000, 0x000000070d500000| Untracked 
|  64|0x000000070d600000, 0x000000070d600000, 0x000000070d700000|  0%| F|  |TAMS 0x000000070d600000, 0x000000070d600000| Untracked 
|  65|0x000000070d700000, 0x000000070d700000, 0x000000070d800000|  0%| F|  |TAMS 0x000000070d700000, 0x000000070d700000| Untracked 
|  66|0x000000070d800000, 0x000000070d800000, 0x000000070d900000|  0%| F|  |TAMS 0x000000070d800000, 0x000000070d800000| Untracked 
|  67|0x000000070d900000, 0x000000070d900000, 0x000000070da00000|  0%| F|  |TAMS 0x000000070d900000, 0x000000070d900000| Untracked 
|  68|0x000000070da00000, 0x000000070da00000, 0x000000070db00000|  0%| F|  |TAMS 0x000000070da00000, 0x000000070da00000| Untracked 
|  69|0x000000070db00000, 0x000000070db00000, 0x000000070dc00000|  0%| F|  |TAMS 0x000000070db00000, 0x000000070db00000| Untracked 
|  70|0x000000070dc00000, 0x000000070dc00000, 0x000000070dd00000|  0%| F|  |TAMS 0x000000070dc00000, 0x000000070dc00000| Untracked 
|  71|0x000000070dd00000, 0x000000070dd00000, 0x000000070de00000|  0%| F|  |TAMS 0x000000070dd00000, 0x000000070dd00000| Untracked 
|  72|0x000000070de00000, 0x000000070de00000, 0x000000070df00000|  0%| F|  |TAMS 0x000000070de00000, 0x000000070de00000| Untracked 
|  73|0x000000070df00000, 0x000000070df00000, 0x000000070e000000|  0%| F|  |TAMS 0x000000070df00000, 0x000000070df00000| Untracked 
|  74|0x000000070e000000, 0x000000070e000000, 0x000000070e100000|  0%| F|  |TAMS 0x000000070e000000, 0x000000070e000000| Untracked 
|  75|0x000000070e100000, 0x000000070e100000, 0x000000070e200000|  0%| F|  |TAMS 0x000000070e100000, 0x000000070e100000| Untracked 
|  76|0x000000070e200000, 0x000000070e200000, 0x000000070e300000|  0%| F|  |TAMS 0x000000070e200000, 0x000000070e200000| Untracked 
|  77|0x000000070e300000, 0x000000070e300000, 0x000000070e400000|  0%| F|  |TAMS 0x000000070e300000, 0x000000070e300000| Untracked 
|  78|0x000000070e400000, 0x000000070e400000, 0x000000070e500000|  0%| F|  |TAMS 0x000000070e400000, 0x000000070e400000| Untracked 
|  79|0x000000070e500000, 0x000000070e500000, 0x000000070e600000|  0%| F|  |TAMS 0x000000070e500000, 0x000000070e500000| Untracked 
|  80|0x000000070e600000, 0x000000070e600000, 0x000000070e700000|  0%| F|  |TAMS 0x000000070e600000, 0x000000070e600000| Untracked 
|  81|0x000000070e700000, 0x000000070e700000, 0x000000070e800000|  0%| F|  |TAMS 0x000000070e700000, 0x000000070e700000| Untracked 
|  82|0x000000070e800000, 0x000000070e800000, 0x000000070e900000|  0%| F|  |TAMS 0x000000070e800000, 0x000000070e800000| Untracked 
|  83|0x000000070e900000, 0x000000070e900000, 0x000000070ea00000|  0%| F|  |TAMS 0x000000070e900000, 0x000000070e900000| Untracked 
|  84|0x000000070ea00000, 0x000000070ea00000, 0x000000070eb00000|  0%| F|  |TAMS 0x000000070ea00000, 0x000000070ea00000| Untracked 
|  85|0x000000070eb00000, 0x000000070eb00000, 0x000000070ec00000|  0%| F|  |TAMS 0x000000070eb00000, 0x000000070eb00000| Untracked 
|  86|0x000000070ec00000, 0x000000070ec00000, 0x000000070ed00000|  0%| F|  |TAMS 0x000000070ec00000, 0x000000070ec00000| Untracked 
|  87|0x000000070ed00000, 0x000000070ed00000, 0x000000070ee00000|  0%| F|  |TAMS 0x000000070ed00000, 0x000000070ed00000| Untracked 
|  88|0x000000070ee00000, 0x000000070ee00000, 0x000000070ef00000|  0%| F|  |TAMS 0x000000070ee00000, 0x000000070ee00000| Untracked 
|  89|0x000000070ef00000, 0x000000070ef00000, 0x000000070f000000|  0%| F|  |TAMS 0x000000070ef00000, 0x000000070ef00000| Untracked 
|  90|0x000000070f000000, 0x000000070f000000, 0x000000070f100000|  0%| F|  |TAMS 0x000000070f000000, 0x000000070f000000| Untracked 
|  91|0x000000070f100000, 0x000000070f100000, 0x000000070f200000|  0%| F|  |TAMS 0x000000070f100000, 0x000000070f100000| Untracked 
|  92|0x000000070f200000, 0x000000070f200000, 0x000000070f300000|  0%| F|  |TAMS 0x000000070f200000, 0x000000070f200000| Untracked 
|  93|0x000000070f300000, 0x000000070f300000, 0x000000070f400000|  0%| F|  |TAMS 0x000000070f300000, 0x000000070f300000| Untracked 
|  94|0x000000070f400000, 0x000000070f400000, 0x000000070f500000|  0%| F|  |TAMS 0x000000070f400000, 0x000000070f400000| Untracked 
|  95|0x000000070f500000, 0x000000070f500000, 0x000000070f600000|  0%| F|  |TAMS 0x000000070f500000, 0x000000070f500000| Untracked 
|  96|0x000000070f600000, 0x000000070f600000, 0x000000070f700000|  0%| F|  |TAMS 0x000000070f600000, 0x000000070f600000| Untracked 
|  97|0x000000070f700000, 0x000000070f700000, 0x000000070f800000|  0%| F|  |TAMS 0x000000070f700000, 0x000000070f700000| Untracked 
|  98|0x000000070f800000, 0x000000070f800000, 0x000000070f900000|  0%| F|  |TAMS 0x000000070f800000, 0x000000070f800000| Untracked 
|  99|0x000000070f900000, 0x000000070f900000, 0x000000070fa00000|  0%| F|  |TAMS 0x000000070f900000, 0x000000070f900000| Untracked 
| 100|0x000000070fa00000, 0x000000070fa00000, 0x000000070fb00000|  0%| F|  |TAMS 0x000000070fa00000, 0x000000070fa00000| Untracked 
| 101|0x000000070fb00000, 0x000000070fb00000, 0x000000070fc00000|  0%| F|  |TAMS 0x000000070fb00000, 0x000000070fb00000| Untracked 
| 102|0x000000070fc00000, 0x000000070fc00000, 0x000000070fd00000|  0%| F|  |TAMS 0x000000070fc00000, 0x000000070fc00000| Untracked 
| 103|0x000000070fd00000, 0x000000070fd00000, 0x000000070fe00000|  0%| F|  |TAMS 0x000000070fd00000, 0x000000070fd00000| Untracked 
| 104|0x000000070fe00000, 0x000000070fe00000, 0x000000070ff00000|  0%| F|  |TAMS 0x000000070fe00000, 0x000000070fe00000| Untracked 
| 105|0x000000070ff00000, 0x000000070ff00000, 0x0000000710000000|  0%| F|  |TAMS 0x000000070ff00000, 0x000000070ff00000| Untracked 
| 106|0x0000000710000000, 0x0000000710000000, 0x0000000710100000|  0%| F|  |TAMS 0x0000000710000000, 0x0000000710000000| Untracked 
| 107|0x0000000710100000, 0x0000000710100000, 0x0000000710200000|  0%| F|  |TAMS 0x0000000710100000, 0x0000000710100000| Untracked 
| 108|0x0000000710200000, 0x0000000710200000, 0x0000000710300000|  0%| F|  |TAMS 0x0000000710200000, 0x0000000710200000| Untracked 
| 109|0x0000000710300000, 0x0000000710300000, 0x0000000710400000|  0%| F|  |TAMS 0x0000000710300000, 0x0000000710300000| Untracked 
| 110|0x0000000710400000, 0x0000000710400000, 0x0000000710500000|  0%| F|  |TAMS 0x0000000710400000, 0x0000000710400000| Untracked 
| 111|0x0000000710500000, 0x0000000710500000, 0x0000000710600000|  0%| F|  |TAMS 0x0000000710500000, 0x0000000710500000| Untracked 
| 112|0x0000000710600000, 0x0000000710600000, 0x0000000710700000|  0%| F|  |TAMS 0x0000000710600000, 0x0000000710600000| Untracked 
| 113|0x0000000710700000, 0x0000000710700000, 0x0000000710800000|  0%| F|  |TAMS 0x0000000710700000, 0x0000000710700000| Untracked 
| 114|0x0000000710800000, 0x0000000710800000, 0x0000000710900000|  0%| F|  |TAMS 0x0000000710800000, 0x0000000710800000| Untracked 
| 115|0x0000000710900000, 0x0000000710900000, 0x0000000710a00000|  0%| F|  |TAMS 0x0000000710900000, 0x0000000710900000| Untracked 
| 116|0x0000000710a00000, 0x0000000710a00000, 0x0000000710b00000|  0%| F|  |TAMS 0x0000000710a00000, 0x0000000710a00000| Untracked 
| 117|0x0000000710b00000, 0x0000000710b00000, 0x0000000710c00000|  0%| F|  |TAMS 0x0000000710b00000, 0x0000000710b00000| Untracked 
| 118|0x0000000710c00000, 0x0000000710c00000, 0x0000000710d00000|  0%| F|  |TAMS 0x0000000710c00000, 0x0000000710c00000| Untracked 
| 119|0x0000000710d00000, 0x0000000710d00000, 0x0000000710e00000|  0%| F|  |TAMS 0x0000000710d00000, 0x0000000710d00000| Untracked 
| 120|0x0000000710e00000, 0x0000000710e00000, 0x0000000710f00000|  0%| F|  |TAMS 0x0000000710e00000, 0x0000000710e00000| Untracked 
| 121|0x0000000710f00000, 0x0000000710f00000, 0x0000000711000000|  0%| F|  |TAMS 0x0000000710f00000, 0x0000000710f00000| Untracked 
| 122|0x0000000711000000, 0x0000000711000000, 0x0000000711100000|  0%| F|  |TAMS 0x0000000711000000, 0x0000000711000000| Untracked 
| 123|0x0000000711100000, 0x0000000711100000, 0x0000000711200000|  0%| F|  |TAMS 0x0000000711100000, 0x0000000711100000| Untracked 
| 124|0x0000000711200000, 0x0000000711200000, 0x0000000711300000|  0%| F|  |TAMS 0x0000000711200000, 0x0000000711200000| Untracked 
| 125|0x0000000711300000, 0x0000000711300000, 0x0000000711400000|  0%| F|  |TAMS 0x0000000711300000, 0x0000000711300000| Untracked 
| 126|0x0000000711400000, 0x0000000711400000, 0x0000000711500000|  0%| F|  |TAMS 0x0000000711400000, 0x0000000711400000| Untracked 
| 127|0x0000000711500000, 0x0000000711500000, 0x0000000711600000|  0%| F|  |TAMS 0x0000000711500000, 0x0000000711500000| Untracked 
| 128|0x0000000711600000, 0x0000000711600000, 0x0000000711700000|  0%| F|  |TAMS 0x0000000711600000, 0x0000000711600000| Untracked 
| 129|0x0000000711700000, 0x0000000711700000, 0x0000000711800000|  0%| F|  |TAMS 0x0000000711700000, 0x0000000711700000| Untracked 
| 130|0x0000000711800000, 0x0000000711800000, 0x0000000711900000|  0%| F|  |TAMS 0x0000000711800000, 0x0000000711800000| Untracked 
| 131|0x0000000711900000, 0x0000000711900000, 0x0000000711a00000|  0%| F|  |TAMS 0x0000000711900000, 0x0000000711900000| Untracked 
| 132|0x0000000711a00000, 0x0000000711a00000, 0x0000000711b00000|  0%| F|  |TAMS 0x0000000711a00000, 0x0000000711a00000| Untracked 
| 133|0x0000000711b00000, 0x0000000711b00000, 0x0000000711c00000|  0%| F|  |TAMS 0x0000000711b00000, 0x0000000711b00000| Untracked 
| 134|0x0000000711c00000, 0x0000000711c00000, 0x0000000711d00000|  0%| F|  |TAMS 0x0000000711c00000, 0x0000000711c00000| Untracked 
| 135|0x0000000711d00000, 0x0000000711d00000, 0x0000000711e00000|  0%| F|  |TAMS 0x0000000711d00000, 0x0000000711d00000| Untracked 
| 136|0x0000000711e00000, 0x0000000711e00000, 0x0000000711f00000|  0%| F|  |TAMS 0x0000000711e00000, 0x0000000711e00000| Untracked 
| 137|0x0000000711f00000, 0x0000000711f00000, 0x0000000712000000|  0%| F|  |TAMS 0x0000000711f00000, 0x0000000711f00000| Untracked 
| 138|0x0000000712000000, 0x0000000712000000, 0x0000000712100000|  0%| F|  |TAMS 0x0000000712000000, 0x0000000712000000| Untracked 
| 139|0x0000000712100000, 0x0000000712100000, 0x0000000712200000|  0%| F|  |TAMS 0x0000000712100000, 0x0000000712100000| Untracked 
| 140|0x0000000712200000, 0x0000000712200000, 0x0000000712300000|  0%| F|  |TAMS 0x0000000712200000, 0x0000000712200000| Untracked 
| 141|0x0000000712300000, 0x0000000712300000, 0x0000000712400000|  0%| F|  |TAMS 0x0000000712300000, 0x0000000712300000| Untracked 
| 142|0x0000000712400000, 0x0000000712400000, 0x0000000712500000|  0%| F|  |TAMS 0x0000000712400000, 0x0000000712400000| Untracked 
| 143|0x0000000712500000, 0x0000000712500000, 0x0000000712600000|  0%| F|  |TAMS 0x0000000712500000, 0x0000000712500000| Untracked 
| 144|0x0000000712600000, 0x0000000712600000, 0x0000000712700000|  0%| F|  |TAMS 0x0000000712600000, 0x0000000712600000| Untracked 
| 145|0x0000000712700000, 0x0000000712700000, 0x0000000712800000|  0%| F|  |TAMS 0x0000000712700000, 0x0000000712700000| Untracked 
| 146|0x0000000712800000, 0x0000000712800000, 0x0000000712900000|  0%| F|  |TAMS 0x0000000712800000, 0x0000000712800000| Untracked 
| 147|0x0000000712900000, 0x0000000712900000, 0x0000000712a00000|  0%| F|  |TAMS 0x0000000712900000, 0x0000000712900000| Untracked 
| 148|0x0000000712a00000, 0x0000000712a00000, 0x0000000712b00000|  0%| F|  |TAMS 0x0000000712a00000, 0x0000000712a00000| Untracked 
| 149|0x0000000712b00000, 0x0000000712b00000, 0x0000000712c00000|  0%| F|  |TAMS 0x0000000712b00000, 0x0000000712b00000| Untracked 
| 150|0x0000000712c00000, 0x0000000712c00000, 0x0000000712d00000|  0%| F|  |TAMS 0x0000000712c00000, 0x0000000712c00000| Untracked 
| 151|0x0000000712d00000, 0x0000000712d00000, 0x0000000712e00000|  0%| F|  |TAMS 0x0000000712d00000, 0x0000000712d00000| Untracked 
| 152|0x0000000712e00000, 0x0000000712e00000, 0x0000000712f00000|  0%| F|  |TAMS 0x0000000712e00000, 0x0000000712e00000| Untracked 
| 153|0x0000000712f00000, 0x0000000712f00000, 0x0000000713000000|  0%| F|  |TAMS 0x0000000712f00000, 0x0000000712f00000| Untracked 
| 154|0x0000000713000000, 0x0000000713000000, 0x0000000713100000|  0%| F|  |TAMS 0x0000000713000000, 0x0000000713000000| Untracked 
| 155|0x0000000713100000, 0x0000000713100000, 0x0000000713200000|  0%| F|  |TAMS 0x0000000713100000, 0x0000000713100000| Untracked 
| 156|0x0000000713200000, 0x0000000713200000, 0x0000000713300000|  0%| F|  |TAMS 0x0000000713200000, 0x0000000713200000| Untracked 
| 157|0x0000000713300000, 0x0000000713300000, 0x0000000713400000|  0%| F|  |TAMS 0x0000000713300000, 0x0000000713300000| Untracked 
| 158|0x0000000713400000, 0x0000000713400000, 0x0000000713500000|  0%| F|  |TAMS 0x0000000713400000, 0x0000000713400000| Untracked 
| 159|0x0000000713500000, 0x0000000713500000, 0x0000000713600000|  0%| F|  |TAMS 0x0000000713500000, 0x0000000713500000| Untracked 
| 160|0x0000000713600000, 0x0000000713600000, 0x0000000713700000|  0%| F|  |TAMS 0x0000000713600000, 0x0000000713600000| Untracked 
| 161|0x0000000713700000, 0x0000000713700000, 0x0000000713800000|  0%| F|  |TAMS 0x0000000713700000, 0x0000000713700000| Untracked 
| 162|0x0000000713800000, 0x0000000713800000, 0x0000000713900000|  0%| F|  |TAMS 0x0000000713800000, 0x0000000713800000| Untracked 
| 163|0x0000000713900000, 0x0000000713900000, 0x0000000713a00000|  0%| F|  |TAMS 0x0000000713900000, 0x0000000713900000| Untracked 
| 164|0x0000000713a00000, 0x0000000713a00000, 0x0000000713b00000|  0%| F|  |TAMS 0x0000000713a00000, 0x0000000713a00000| Untracked 
| 165|0x0000000713b00000, 0x0000000713b00000, 0x0000000713c00000|  0%| F|  |TAMS 0x0000000713b00000, 0x0000000713b00000| Untracked 
| 166|0x0000000713c00000, 0x0000000713c00000, 0x0000000713d00000|  0%| F|  |TAMS 0x0000000713c00000, 0x0000000713c00000| Untracked 
| 167|0x0000000713d00000, 0x0000000713d00000, 0x0000000713e00000|  0%| F|  |TAMS 0x0000000713d00000, 0x0000000713d00000| Untracked 
| 168|0x0000000713e00000, 0x0000000713e00000, 0x0000000713f00000|  0%| F|  |TAMS 0x0000000713e00000, 0x0000000713e00000| Untracked 
| 169|0x0000000713f00000, 0x0000000713f00000, 0x0000000714000000|  0%| F|  |TAMS 0x0000000713f00000, 0x0000000713f00000| Untracked 
| 170|0x0000000714000000, 0x0000000714000000, 0x0000000714100000|  0%| F|  |TAMS 0x0000000714000000, 0x0000000714000000| Untracked 
| 171|0x0000000714100000, 0x0000000714100000, 0x0000000714200000|  0%| F|  |TAMS 0x0000000714100000, 0x0000000714100000| Untracked 
| 172|0x0000000714200000, 0x0000000714200000, 0x0000000714300000|  0%| F|  |TAMS 0x0000000714200000, 0x0000000714200000| Untracked 
| 173|0x0000000714300000, 0x0000000714300000, 0x0000000714400000|  0%| F|  |TAMS 0x0000000714300000, 0x0000000714300000| Untracked 
| 174|0x0000000714400000, 0x0000000714400000, 0x0000000714500000|  0%| F|  |TAMS 0x0000000714400000, 0x0000000714400000| Untracked 
| 175|0x0000000714500000, 0x0000000714500000, 0x0000000714600000|  0%| F|  |TAMS 0x0000000714500000, 0x0000000714500000| Untracked 
| 176|0x0000000714600000, 0x0000000714600000, 0x0000000714700000|  0%| F|  |TAMS 0x0000000714600000, 0x0000000714600000| Untracked 
| 177|0x0000000714700000, 0x0000000714700000, 0x0000000714800000|  0%| F|  |TAMS 0x0000000714700000, 0x0000000714700000| Untracked 
| 178|0x0000000714800000, 0x0000000714800000, 0x0000000714900000|  0%| F|  |TAMS 0x0000000714800000, 0x0000000714800000| Untracked 
| 179|0x0000000714900000, 0x0000000714900000, 0x0000000714a00000|  0%| F|  |TAMS 0x0000000714900000, 0x0000000714900000| Untracked 
| 180|0x0000000714a00000, 0x0000000714a00000, 0x0000000714b00000|  0%| F|  |TAMS 0x0000000714a00000, 0x0000000714a00000| Untracked 
| 181|0x0000000714b00000, 0x0000000714b00000, 0x0000000714c00000|  0%| F|  |TAMS 0x0000000714b00000, 0x0000000714b00000| Untracked 
| 182|0x0000000714c00000, 0x0000000714c00000, 0x0000000714d00000|  0%| F|  |TAMS 0x0000000714c00000, 0x0000000714c00000| Untracked 
| 183|0x0000000714d00000, 0x0000000714d00000, 0x0000000714e00000|  0%| F|  |TAMS 0x0000000714d00000, 0x0000000714d00000| Untracked 
| 184|0x0000000714e00000, 0x0000000714e00000, 0x0000000714f00000|  0%| F|  |TAMS 0x0000000714e00000, 0x0000000714e00000| Untracked 
| 185|0x0000000714f00000, 0x0000000714f00000, 0x0000000715000000|  0%| F|  |TAMS 0x0000000714f00000, 0x0000000714f00000| Untracked 
| 186|0x0000000715000000, 0x0000000715000000, 0x0000000715100000|  0%| F|  |TAMS 0x0000000715000000, 0x0000000715000000| Untracked 
| 187|0x0000000715100000, 0x0000000715100000, 0x0000000715200000|  0%| F|  |TAMS 0x0000000715100000, 0x0000000715100000| Untracked 
| 188|0x0000000715200000, 0x0000000715200000, 0x0000000715300000|  0%| F|  |TAMS 0x0000000715200000, 0x0000000715200000| Untracked 
| 189|0x0000000715300000, 0x0000000715300000, 0x0000000715400000|  0%| F|  |TAMS 0x0000000715300000, 0x0000000715300000| Untracked 
| 190|0x0000000715400000, 0x0000000715400000, 0x0000000715500000|  0%| F|  |TAMS 0x0000000715400000, 0x0000000715400000| Untracked 
| 191|0x0000000715500000, 0x0000000715500000, 0x0000000715600000|  0%| F|  |TAMS 0x0000000715500000, 0x0000000715500000| Untracked 
| 192|0x0000000715600000, 0x0000000715600000, 0x0000000715700000|  0%| F|  |TAMS 0x0000000715600000, 0x0000000715600000| Untracked 
| 193|0x0000000715700000, 0x0000000715700000, 0x0000000715800000|  0%| F|  |TAMS 0x0000000715700000, 0x0000000715700000| Untracked 
| 194|0x0000000715800000, 0x0000000715800000, 0x0000000715900000|  0%| F|  |TAMS 0x0000000715800000, 0x0000000715800000| Untracked 
| 195|0x0000000715900000, 0x0000000715900000, 0x0000000715a00000|  0%| F|  |TAMS 0x0000000715900000, 0x0000000715900000| Untracked 
| 196|0x0000000715a00000, 0x0000000715a00000, 0x0000000715b00000|  0%| F|  |TAMS 0x0000000715a00000, 0x0000000715a00000| Untracked 
| 197|0x0000000715b00000, 0x0000000715b00000, 0x0000000715c00000|  0%| F|  |TAMS 0x0000000715b00000, 0x0000000715b00000| Untracked 
| 198|0x0000000715c00000, 0x0000000715c00000, 0x0000000715d00000|  0%| F|  |TAMS 0x0000000715c00000, 0x0000000715c00000| Untracked 
| 199|0x0000000715d00000, 0x0000000715d00000, 0x0000000715e00000|  0%| F|  |TAMS 0x0000000715d00000, 0x0000000715d00000| Untracked 
| 200|0x0000000715e00000, 0x0000000715e00000, 0x0000000715f00000|  0%| F|  |TAMS 0x0000000715e00000, 0x0000000715e00000| Untracked 
| 201|0x0000000715f00000, 0x0000000715f00000, 0x0000000716000000|  0%| F|  |TAMS 0x0000000715f00000, 0x0000000715f00000| Untracked 
| 202|0x0000000716000000, 0x0000000716000000, 0x0000000716100000|  0%| F|  |TAMS 0x0000000716000000, 0x0000000716000000| Untracked 
| 203|0x0000000716100000, 0x0000000716100000, 0x0000000716200000|  0%| F|  |TAMS 0x0000000716100000, 0x0000000716100000| Untracked 
| 204|0x0000000716200000, 0x0000000716200000, 0x0000000716300000|  0%| F|  |TAMS 0x0000000716200000, 0x0000000716200000| Untracked 
| 205|0x0000000716300000, 0x0000000716300000, 0x0000000716400000|  0%| F|  |TAMS 0x0000000716300000, 0x0000000716300000| Untracked 
| 206|0x0000000716400000, 0x0000000716400000, 0x0000000716500000|  0%| F|  |TAMS 0x0000000716400000, 0x0000000716400000| Untracked 
| 207|0x0000000716500000, 0x0000000716500000, 0x0000000716600000|  0%| F|  |TAMS 0x0000000716500000, 0x0000000716500000| Untracked 
| 208|0x0000000716600000, 0x0000000716600000, 0x0000000716700000|  0%| F|  |TAMS 0x0000000716600000, 0x0000000716600000| Untracked 
| 209|0x0000000716700000, 0x0000000716700000, 0x0000000716800000|  0%| F|  |TAMS 0x0000000716700000, 0x0000000716700000| Untracked 
| 210|0x0000000716800000, 0x0000000716800000, 0x0000000716900000|  0%| F|  |TAMS 0x0000000716800000, 0x0000000716800000| Untracked 
| 211|0x0000000716900000, 0x00000007169991b0, 0x0000000716a00000| 59%| S|CS|TAMS 0x0000000716900000, 0x0000000716900000| Complete 
| 212|0x0000000716a00000, 0x0000000716b00000, 0x0000000716b00000|100%| S|CS|TAMS 0x0000000716a00000, 0x0000000716a00000| Complete 
| 213|0x0000000716b00000, 0x0000000716b00000, 0x0000000716c00000|  0%| F|  |TAMS 0x0000000716b00000, 0x0000000716b00000| Untracked 
| 214|0x0000000716c00000, 0x0000000716c00000, 0x0000000716d00000|  0%| F|  |TAMS 0x0000000716c00000, 0x0000000716c00000| Untracked 
| 215|0x0000000716d00000, 0x0000000716d00000, 0x0000000716e00000|  0%| F|  |TAMS 0x0000000716d00000, 0x0000000716d00000| Untracked 
| 216|0x0000000716e00000, 0x0000000716e00000, 0x0000000716f00000|  0%| F|  |TAMS 0x0000000716e00000, 0x0000000716e00000| Untracked 
| 217|0x0000000716f00000, 0x0000000716f00000, 0x0000000717000000|  0%| F|  |TAMS 0x0000000716f00000, 0x0000000716f00000| Untracked 
| 218|0x0000000717000000, 0x0000000717000000, 0x0000000717100000|  0%| F|  |TAMS 0x0000000717000000, 0x0000000717000000| Untracked 
| 219|0x0000000717100000, 0x0000000717100000, 0x0000000717200000|  0%| F|  |TAMS 0x0000000717100000, 0x0000000717100000| Untracked 
| 220|0x0000000717200000, 0x0000000717200000, 0x0000000717300000|  0%| F|  |TAMS 0x0000000717200000, 0x0000000717200000| Untracked 
| 221|0x0000000717300000, 0x0000000717300000, 0x0000000717400000|  0%| F|  |TAMS 0x0000000717300000, 0x0000000717300000| Untracked 
| 222|0x0000000717400000, 0x0000000717400000, 0x0000000717500000|  0%| F|  |TAMS 0x0000000717400000, 0x0000000717400000| Untracked 
| 223|0x0000000717500000, 0x0000000717500000, 0x0000000717600000|  0%| F|  |TAMS 0x0000000717500000, 0x0000000717500000| Untracked 
| 224|0x0000000717600000, 0x0000000717600000, 0x0000000717700000|  0%| F|  |TAMS 0x0000000717600000, 0x0000000717600000| Untracked 
| 225|0x0000000717700000, 0x0000000717700000, 0x0000000717800000|  0%| F|  |TAMS 0x0000000717700000, 0x0000000717700000| Untracked 
| 226|0x0000000717800000, 0x0000000717800000, 0x0000000717900000|  0%| F|  |TAMS 0x0000000717800000, 0x0000000717800000| Untracked 
| 227|0x0000000717900000, 0x0000000717900000, 0x0000000717a00000|  0%| F|  |TAMS 0x0000000717900000, 0x0000000717900000| Untracked 
| 228|0x0000000717a00000, 0x0000000717a00000, 0x0000000717b00000|  0%| F|  |TAMS 0x0000000717a00000, 0x0000000717a00000| Untracked 
| 229|0x0000000717b00000, 0x0000000717b00000, 0x0000000717c00000|  0%| F|  |TAMS 0x0000000717b00000, 0x0000000717b00000| Untracked 
| 230|0x0000000717c00000, 0x0000000717c00000, 0x0000000717d00000|  0%| F|  |TAMS 0x0000000717c00000, 0x0000000717c00000| Untracked 
| 231|0x0000000717d00000, 0x0000000717d00000, 0x0000000717e00000|  0%| F|  |TAMS 0x0000000717d00000, 0x0000000717d00000| Untracked 
| 232|0x0000000717e00000, 0x0000000717e00000, 0x0000000717f00000|  0%| F|  |TAMS 0x0000000717e00000, 0x0000000717e00000| Untracked 
| 233|0x0000000717f00000, 0x0000000717f00000, 0x0000000718000000|  0%| F|  |TAMS 0x0000000717f00000, 0x0000000717f00000| Untracked 
| 234|0x0000000718000000, 0x0000000718000000, 0x0000000718100000|  0%| F|  |TAMS 0x0000000718000000, 0x0000000718000000| Untracked 
| 235|0x0000000718100000, 0x0000000718100000, 0x0000000718200000|  0%| F|  |TAMS 0x0000000718100000, 0x0000000718100000| Untracked 
| 236|0x0000000718200000, 0x0000000718280800, 0x0000000718300000| 50%| E|  |TAMS 0x0000000718200000, 0x0000000718200000| Complete 
| 237|0x0000000718300000, 0x0000000718400000, 0x0000000718400000|100%| E|CS|TAMS 0x0000000718300000, 0x0000000718300000| Complete 
| 238|0x0000000718400000, 0x0000000718500000, 0x0000000718500000|100%| E|CS|TAMS 0x0000000718400000, 0x0000000718400000| Complete 
| 239|0x0000000718500000, 0x0000000718600000, 0x0000000718600000|100%| E|CS|TAMS 0x0000000718500000, 0x0000000718500000| Complete 
| 240|0x0000000718600000, 0x0000000718700000, 0x0000000718700000|100%| E|CS|TAMS 0x0000000718600000, 0x0000000718600000| Complete 
| 241|0x0000000718700000, 0x0000000718800000, 0x0000000718800000|100%| E|CS|TAMS 0x0000000718700000, 0x0000000718700000| Complete 
| 242|0x0000000718800000, 0x0000000718900000, 0x0000000718900000|100%| E|CS|TAMS 0x0000000718800000, 0x0000000718800000| Complete 
| 243|0x0000000718900000, 0x0000000718a00000, 0x0000000718a00000|100%| E|CS|TAMS 0x0000000718900000, 0x0000000718900000| Complete 
| 244|0x0000000718a00000, 0x0000000718b00000, 0x0000000718b00000|100%| E|CS|TAMS 0x0000000718a00000, 0x0000000718a00000| Complete 
| 245|0x0000000718b00000, 0x0000000718c00000, 0x0000000718c00000|100%| E|CS|TAMS 0x0000000718b00000, 0x0000000718b00000| Complete 
| 246|0x0000000718c00000, 0x0000000718d00000, 0x0000000718d00000|100%| E|CS|TAMS 0x0000000718c00000, 0x0000000718c00000| Complete 
| 247|0x0000000718d00000, 0x0000000718e00000, 0x0000000718e00000|100%| E|CS|TAMS 0x0000000718d00000, 0x0000000718d00000| Complete 

Card table byte_map: [0x00000231630c0000,0x0000023163880000] _byte_map_base: 0x000002315f875000

Marking Bits (Prev, Next): (CMBitMap*) 0x000002314fff07c8, (CMBitMap*) 0x000002314fff0800
 Prev Bits: [0x0000023164040000, 0x0000023167de8000)
 Next Bits: [0x0000023167df0000, 0x000002316bb98000)

Polling page: 0x000002314df00000

Metaspace:

Usage:
  Non-class:     14.06 MB capacity,    13.87 MB ( 99%) used,   173.00 KB (  1%) free+waste,    22.44 KB ( <1%) overhead. 
      Class:      1.89 MB capacity,     1.76 MB ( 93%) used,   122.80 KB (  6%) free+waste,    11.00 KB ( <1%) overhead. 
       Both:     15.96 MB capacity,    15.63 MB ( 98%) used,   295.80 KB (  2%) free+waste,    33.44 KB ( <1%) overhead. 

Virtual space:
  Non-class space:       16.00 MB reserved,      14.25 MB ( 89%) committed 
      Class space:        1.00 GB reserved,       2.00 MB ( <1%) committed 
             Both:        1.02 GB reserved,      16.25 MB (  2%) committed 

Chunk freelists:
   Non-Class:  1.00 KB
       Class:  12.00 KB
        Both:  13.00 KB

MaxMetaspaceSize: 17179869184.00 GB
CompressedClassSpaceSize: 1.00 GB

CodeHeap 'non-profiled nmethods': size=120064Kb used=811Kb max_used=811Kb free=119252Kb
 bounds [0x000002315b3c0000, 0x000002315b630000, 0x0000023162900000]
CodeHeap 'profiled nmethods': size=120000Kb used=3058Kb max_used=3058Kb free=116941Kb
 bounds [0x0000023153e90000, 0x0000023154190000, 0x000002315b3c0000]
CodeHeap 'non-nmethods': size=5696Kb used=1111Kb max_used=1146Kb free=4584Kb
 bounds [0x0000023153900000, 0x0000023153b70000, 0x0000023153e90000]
 total_blobs=2022 nmethods=1592 adapters=342
 compilation: enabled
              stopped_count=0, restarted_count=0
 full_count=0

Compilation events (20 events):
Event: 180.192 Thread 0x000002316e970000 nmethod 1652 0x000002315b484690 code [0x000002315b484820, 0x000002315b4848b8]
Event: 180.250 Thread 0x000002316e970000 1653       4       org.gradle.internal.serialize.OutputStreamBackedEncoder::writeByte (9 bytes)
Event: 180.251 Thread 0x000002316e970000 nmethod 1653 0x000002315b484990 code [0x000002315b484b20, 0x000002315b484bd8]
Event: 180.251 Thread 0x000002316e970000 1654       4       org.gradle.internal.serialize.OutputStreamBackedEncoder::writeBytes (11 bytes)
Event: 180.254 Thread 0x000002316e970000 nmethod 1654 0x000002315b484d10 code [0x000002315b484ec0, 0x000002315b485238]
Event: 180.291 Thread 0x000002316e970000 1655       4       java.io.File::hashCode (8 bytes)
Event: 180.323 Thread 0x000002316e970000 nmethod 1655 0x000002315b485390 code [0x000002315b485580, 0x000002315b485f78]
Event: 180.323 Thread 0x000002316e970000 1656       4       java.net.URI$Parser::checkChars (44 bytes)
Event: 180.329 Thread 0x000002316e970000 nmethod 1656 0x000002315b486510 code [0x000002315b4866c0, 0x000002315b486988]
Event: 180.340 Thread 0x000002316e970000 1657       4       java.lang.String$CaseInsensitiveComparator::compare (68 bytes)
Event: 180.356 Thread 0x000002316e970000 nmethod 1657 0x000002315b486c90 code [0x000002315b486e40, 0x000002315b4874b8]
Event: 180.356 Thread 0x000002316e970000 1658       4       java.lang.String::regionMatches (150 bytes)
Event: 180.370 Thread 0x000002316e0cd800 1659       3       java.util.jar.Manifest::toLower (24 bytes)
Event: 180.370 Thread 0x000002316e0cd800 nmethod 1659 0x0000023154186290 code [0x0000023154186440, 0x00000231541865d8]
Event: 180.372 Thread 0x000002316e970000 nmethod 1658 0x000002315b487910 code [0x000002315b487ae0, 0x000002315b488218]
Event: 180.401 Thread 0x000002316e970000 1660       4       java.io.WinNTFileSystem::resolve (275 bytes)
Event: 180.427 Thread 0x000002316e970000 nmethod 1660 0x000002315b488790 code [0x000002315b4889c0, 0x000002315b489708]
Event: 185.072 Thread 0x000002316e970000 1661       4       java.util.regex.Matcher::reset (128 bytes)
Event: 185.074 Thread 0x000002316e0cd800 1662       3       java.util.regex.Pattern$CharPropertyGreedy::match (122 bytes)
Event: 185.076 Thread 0x000002316e0cd800 nmethod 1662 0x0000023154186690 code [0x00000231541868c0, 0x0000023154187098]

GC Heap History (6 events):
Event: 38.581 GC heap before
{Heap before GC invocations=0 (full 0):
 garbage-first heap   total 253952K, used 19456K [0x0000000709600000, 0x0000000800000000)
  region size 1024K, 14 young (14336K), 0 survivors (0K)
 Metaspace       used 8226K, capacity 8407K, committed 8576K, reserved 1056768K
  class space    used 754K, capacity 820K, committed 896K, reserved 1048576K
}
Event: 38.587 GC heap after
{Heap after GC invocations=1 (full 0):
 garbage-first heap   total 253952K, used 8323K [0x0000000709600000, 0x0000000800000000)
  region size 1024K, 2 young (2048K), 2 survivors (2048K)
 Metaspace       used 8226K, capacity 8407K, committed 8576K, reserved 1056768K
  class space    used 754K, capacity 820K, committed 896K, reserved 1048576K
}
Event: 45.163 GC heap before
{Heap before GC invocations=1 (full 0):
 garbage-first heap   total 253952K, used 20611K [0x0000000709600000, 0x0000000800000000)
  region size 1024K, 14 young (14336K), 2 survivors (2048K)
 Metaspace       used 11638K, capacity 11882K, committed 12160K, reserved 1060864K
  class space    used 1286K, capacity 1365K, committed 1408K, reserved 1048576K
}
Event: 45.168 GC heap after
{Heap after GC invocations=2 (full 0):
 garbage-first heap   total 253952K, used 8961K [0x0000000709600000, 0x0000000800000000)
  region size 1024K, 1 young (1024K), 1 survivors (1024K)
 Metaspace       used 11638K, capacity 11882K, committed 12160K, reserved 1060864K
  class space    used 1286K, capacity 1365K, committed 1408K, reserved 1048576K
}
Event: 154.869 GC heap before
{Heap before GC invocations=2 (full 0):
 garbage-first heap   total 253952K, used 43777K [0x0000000709600000, 0x0000000800000000)
  region size 1024K, 35 young (35840K), 1 survivors (1024K)
 Metaspace       used 15919K, capacity 16176K, committed 16256K, reserved 1062912K
  class space    used 1794K, capacity 1907K, committed 1920K, reserved 1048576K
}
Event: 154.874 GC heap after
{Heap after GC invocations=3 (full 0):
 garbage-first heap   total 253952K, used 9769K [0x0000000709600000, 0x0000000800000000)
  region size 1024K, 2 young (2048K), 2 survivors (2048K)
 Metaspace       used 15919K, capacity 16176K, committed 16256K, reserved 1062912K
  class space    used 1794K, capacity 1907K, committed 1920K, reserved 1048576K
}

Deoptimization events (20 events):
Event: 79.400 Thread 0x000002314ff8f800 DEOPT PACKING pc=0x00000231540896a9 sp=0x00000084808fd220
Event: 79.400 Thread 0x000002314ff8f800 DEOPT UNPACKING pc=0x000002315392754e sp=0x00000084808fc6b8 mode 0
Event: 79.401 Thread 0x000002314ff8f800 DEOPT PACKING pc=0x00000231540896a9 sp=0x00000084808fd220
Event: 79.401 Thread 0x000002314ff8f800 DEOPT UNPACKING pc=0x000002315392754e sp=0x00000084808fc6b8 mode 0
Event: 79.401 Thread 0x000002314ff8f800 DEOPT PACKING pc=0x00000231540896a9 sp=0x00000084808fd220
Event: 79.401 Thread 0x000002314ff8f800 DEOPT UNPACKING pc=0x000002315392754e sp=0x00000084808fc6b8 mode 0
Event: 79.401 Thread 0x000002314ff8f800 DEOPT PACKING pc=0x00000231540896a9 sp=0x00000084808fd220
Event: 79.401 Thread 0x000002314ff8f800 DEOPT UNPACKING pc=0x000002315392754e sp=0x00000084808fc6b8 mode 0
Event: 136.274 Thread 0x000002314ff8f800 Uncommon trap: trap_request=0xffffffcc fr.pc=0x000002315b459ff0 relative=0x00000000000001b0
Event: 136.274 Thread 0x000002314ff8f800 Uncommon trap: reason=intrinsic_or_type_checked_inlining action=make_not_entrant pc=0x000002315b459ff0 method=java.util.Arrays.copyOf([Ljava/lang/Object;ILjava/lang/Class;)[Ljava/lang/Object; @ 35 c2
Event: 136.274 Thread 0x000002314ff8f800 DEOPT PACKING pc=0x000002315b459ff0 sp=0x00000084808fd280
Event: 136.274 Thread 0x000002314ff8f800 DEOPT UNPACKING pc=0x000002315392772f sp=0x00000084808fd228 mode 2
Event: 136.295 Thread 0x000002314ff8f800 DEOPT PACKING pc=0x0000023153f3e87c sp=0x00000084808fd010
Event: 136.295 Thread 0x000002314ff8f800 DEOPT UNPACKING pc=0x000002315392754e sp=0x00000084808fc560 mode 0
Event: 136.340 Thread 0x000002314ff8f800 DEOPT PACKING pc=0x0000023153f70664 sp=0x00000084808fc920
Event: 136.340 Thread 0x000002314ff8f800 DEOPT UNPACKING pc=0x000002315392754e sp=0x00000084808fbec0 mode 0
Event: 136.413 Thread 0x000002314ff8f800 DEOPT PACKING pc=0x0000023153f70664 sp=0x00000084808fc8d0
Event: 136.414 Thread 0x000002314ff8f800 DEOPT UNPACKING pc=0x000002315392754e sp=0x00000084808fbe70 mode 0
Event: 155.019 Thread 0x000002314ff8f800 DEOPT PACKING pc=0x00000231540afacf sp=0x00000084808fccd0
Event: 155.019 Thread 0x000002314ff8f800 DEOPT UNPACKING pc=0x000002315392754e sp=0x00000084808fc280 mode 0

Classes redefined (0 events):
No events

Internal exceptions (20 events):
Event: 0.386 Thread 0x000002314ff8f800 Exception <a 'java/lang/NoSuchMethodError'{0x0000000718c85ef0}: 'int java.lang.invoke.DirectMethodHandle$Holder.invokeSpecialIFC(java.lang.Object, java.lang.Object, int)'> (0x0000000718c85ef0) thrown at [./src/hotspot/share/interpreter/linkResolver.cpp, line 773]
Event: 0.778 Thread 0x000002314ff8f800 Exception <a 'java/lang/NoSuchMethodError'{0x0000000718a07ee0}: 'int java.lang.invoke.DirectMethodHandle$Holder.invokeStaticInit(java.lang.Object, java.lang.Object)'> (0x0000000718a07ee0) thrown at [./src/hotspot/share/interpreter/linkResolver.cpp, line 773]
Event: 3.506 Thread 0x000002314ff8f800 Exception <a 'java/lang/NoSuchMethodError'{0x0000000718ac2da0}: 'int java.lang.invoke.DirectMethodHandle$Holder.invokeSpecial(java.lang.Object, java.lang.Object, java.lang.Object, java.lang.Object)'> (0x0000000718ac2da0) thrown at [./src/hotspot/share/interpreter/linkResolver.cpp, line 773]
Event: 40.988 Thread 0x000002314ff8f800 Exception <a 'java/lang/NoClassDefFoundError'{0x000000071897b390}: org/slf4j/impl/StaticMarkerBinder> (0x000000071897b390) thrown at [./src/hotspot/share/classfile/systemDictionary.cpp, line 220]
Event: 41.471 Thread 0x000002314ff8f800 Exception <a 'java/lang/NoSuchMethodError'{0x000000071888a9a8}: 'java.lang.Object java.lang.invoke.DirectMethodHandle$Holder.invokeVirtual(java.lang.Object, java.lang.Object, java.lang.Object, java.lang.Object, java.lang.Object)'> (0x000000071888a9a8) thrown at [./src/hotspot/share/interpreter/linkResolver.cpp, line 773]
Event: 44.372 Thread 0x000002314ff8f800 Exception <a 'java/lang/NoSuchMethodError'{0x0000000718414e60}: 'java.lang.Object java.lang.invoke.Invokers$Holder.invoker(java.lang.Object, java.lang.Object, java.lang.Object, java.lang.Object, java.lang.Object)'> (0x0000000718414e60) thrown at [./src/hotspot/share/interpreter/linkResolver.cpp, line 773]
Event: 44.378 Thread 0x000002314ff8f800 Exception <a 'java/lang/NoSuchMethodError'{0x0000000718425c70}: 'void java.lang.invoke.DelegatingMethodHandle$Holder.delegate(java.lang.Object, java.lang.Object, int, java.lang.Object)'> (0x0000000718425c70) thrown at [./src/hotspot/share/interpreter/linkResolver.cpp, line 773]
Event: 46.006 Thread 0x000002314ff8f800 Exception <a 'java/lang/NoSuchMethodError'{0x0000000718dad458}: 'java.lang.Object java.lang.invoke.DirectMethodHandle$Holder.invokeStaticInit(java.lang.Object, java.lang.Object, java.lang.Object)'> (0x0000000718dad458) thrown at [./src/hotspot/share/interpreter/linkResolver.cpp, line 773]
Event: 47.196 Thread 0x000002314ff8f800 Exception <a 'java/lang/NoSuchMethodError'{0x00000007189a4b18}: 'java.lang.Object java.lang.invoke.DirectMethodHandle$Holder.invokeStaticInit(java.lang.Object, int, int, int, int)'> (0x00000007189a4b18) thrown at [./src/hotspot/share/interpreter/linkResolver.cpp, line 773]
Event: 48.371 Thread 0x000002314ff8f800 Exception <a 'java/lang/NoSuchMethodError'{0x00000007189f3df8}: 'java.lang.Object java.lang.invoke.DirectMethodHandle$Holder.invokeStaticInit(java.lang.Object, java.lang.Object, int, int, int, int)'> (0x00000007189f3df8) thrown at [./src/hotspot/share/interpreter/linkResolver.cpp, line 773]
Event: 55.311 Thread 0x000002316e9f7800 Exception <a 'java/lang/NoSuchMethodError'{0x0000000717f0f408}: 'void java.lang.invoke.DirectMethodHandle$Holder.invokeStatic(java.lang.Object, long)'> (0x0000000717f0f408) thrown at [./src/hotspot/share/interpreter/linkResolver.cpp, line 773]
Event: 55.312 Thread 0x000002316e9f7800 Exception <a 'java/lang/NoSuchMethodError'{0x0000000717f14658}: 'java.lang.Object java.lang.invoke.DirectMethodHandle$Holder.invokeStatic(java.lang.Object, long)'> (0x0000000717f14658) thrown at [./src/hotspot/share/interpreter/linkResolver.cpp, line 773]
Event: 55.316 Thread 0x000002316e9f7800 Exception <a 'java/lang/NoSuchMethodError'{0x0000000717f226f8}: 'java.lang.Object java.lang.invoke.DirectMethodHandle$Holder.invokeStaticInit(java.lang.Object, java.lang.Object, long, java.lang.Object)'> (0x0000000717f226f8) thrown at [./src/hotspot/share/interpreter/linkResolver.cpp, line 773]
Event: 55.317 Thread 0x000002316e9f7800 Exception <a 'java/lang/NoSuchMethodError'{0x0000000717f28620}: 'java.lang.Object java.lang.invoke.DirectMethodHandle$Holder.invokeStatic(java.lang.Object, java.lang.Object, long)'> (0x0000000717f28620) thrown at [./src/hotspot/share/interpreter/linkResolver.cpp, line 773]
Event: 55.319 Thread 0x000002316e9f7800 Exception <a 'java/lang/NoSuchMethodError'{0x0000000717f2e8f0}: 'java.lang.Object java.lang.invoke.Invokers$Holder.linkToTargetMethod(java.lang.Object, long, java.lang.Object)'> (0x0000000717f2e8f0) thrown at [./src/hotspot/share/interpreter/linkResolver.cpp, line 773]
Event: 68.326 Thread 0x000002314ff8f800 Exception <a 'java/io/IOException'{0x0000000717d228e8}> (0x0000000717d228e8) thrown at [./src/hotspot/share/prims/jni.cpp, line 615]
Event: 79.338 Thread 0x000002314ff8f800 Exception <a 'java/io/IOException'{0x0000000717748c40}> (0x0000000717748c40) thrown at [./src/hotspot/share/prims/jni.cpp, line 615]
Event: 124.292 Thread 0x000002314ff8f800 Exception <a 'java/io/IOException'{0x0000000717167050}> (0x0000000717167050) thrown at [./src/hotspot/share/prims/jni.cpp, line 615]
Event: 154.866 Thread 0x000002314ff8f800 Exception <a 'java/io/IOException'{0x0000000716bc0880}> (0x0000000716bc0880) thrown at [./src/hotspot/share/prims/jni.cpp, line 615]
Event: 180.173 Thread 0x000002314ff8f800 Exception <a 'java/io/IOException'{0x00000007188d8da0}> (0x00000007188d8da0) thrown at [./src/hotspot/share/prims/jni.cpp, line 615]

Events (20 events):
Event: 155.280 Thread 0x000002316eaca800 Thread exited: 0x000002316eaca800
Event: 155.280 Executing VM operation: RevokeBias
Event: 155.280 Executing VM operation: RevokeBias done
Event: 160.302 Thread 0x000002316e9f7800 Thread exited: 0x000002316e9f7800
Event: 180.156 Executing VM operation: RevokeBias
Event: 180.157 Executing VM operation: RevokeBias done
Event: 180.157 Thread 0x000002316fe72800 Thread exited: 0x000002316fe72800
Event: 180.157 Executing VM operation: RevokeBias
Event: 180.157 Executing VM operation: RevokeBias done
Event: 180.157 Thread 0x000002316eeca000 Thread exited: 0x000002316eeca000
Event: 180.162 loading class org/gradle/launcher/daemon/registry/DaemonInfo$1
Event: 180.162 loading class org/gradle/launcher/daemon/registry/DaemonInfo$1 done
Event: 180.403 Thread 0x000002316fc36000 Thread added: 0x000002316fc36000
Event: 180.430 Thread 0x000002316e9f7800 Thread added: 0x000002316e9f7800
Event: 180.431 Thread 0x000002316eaca800 Thread added: 0x000002316eaca800
Event: 180.450 Executing VM operation: RevokeBias
Event: 180.457 Executing VM operation: RevokeBias done
Event: 180.457 Thread 0x000002316e9f7800 Thread exited: 0x000002316e9f7800
Event: 180.457 Executing VM operation: RevokeBias
Event: 180.457 Executing VM operation: RevokeBias done


Dynamic libraries:
0x00007ff760fa0000 - 0x00007ff760faa000 	C:\Program Files\Android\Android Studio\jre\bin\java.exe
0x00007ff8596a0000 - 0x00007ff859890000 	C:\WINDOWS\SYSTEM32\ntdll.dll
0x00007ff8585d0000 - 0x00007ff858683000 	C:\WINDOWS\System32\KERNEL32.DLL
0x00007ff857050000 - 0x00007ff8572f6000 	C:\WINDOWS\System32\KERNELBASE.dll
0x00007ff8566f0000 - 0x00007ff8567ea000 	C:\WINDOWS\System32\ucrtbase.dll
0x00007ff8448f0000 - 0x00007ff844909000 	C:\Program Files\Android\Android Studio\jre\bin\jli.dll
0x00007ff857e10000 - 0x00007ff857fa4000 	C:\WINDOWS\System32\USER32.dll
0x00007ff843180000 - 0x00007ff843197000 	C:\Program Files\Android\Android Studio\jre\bin\VCRUNTIME140.dll
0x00007ff8573b0000 - 0x00007ff8573d1000 	C:\WINDOWS\System32\win32u.dll
0x00007ff858080000 - 0x00007ff8580a6000 	C:\WINDOWS\System32\GDI32.dll
0x00007ff857680000 - 0x00007ff857818000 	C:\WINDOWS\System32\gdi32full.dll
0x00007ff855b10000 - 0x00007ff855d94000 	C:\WINDOWS\WinSxS\amd64_microsoft.windows.common-controls_6595b64144ccf1df_6.0.18362.1801_none_9e79a739e46243f0\COMCTL32.dll
0x00007ff857400000 - 0x00007ff85749e000 	C:\WINDOWS\System32\msvcp_win.dll
0x00007ff859070000 - 0x00007ff85910e000 	C:\WINDOWS\System32\msvcrt.dll
0x00007ff8580b0000 - 0x00007ff8583e6000 	C:\WINDOWS\System32\combase.dll
0x00007ff858400000 - 0x00007ff85851f000 	C:\WINDOWS\System32\RPCRT4.dll
0x00007ff8567f0000 - 0x00007ff856874000 	C:\WINDOWS\System32\bcryptPrimitives.dll
0x00007ff857de0000 - 0x00007ff857e0e000 	C:\WINDOWS\System32\IMM32.DLL
0x00007ff81e6f0000 - 0x00007ff81e78d000 	C:\Program Files\Android\Android Studio\jre\bin\msvcp140.dll
0x00007ff805520000 - 0x00007ff805fdc000 	C:\Program Files\Android\Android Studio\jre\bin\server\jvm.dll
0x00007ff857fd0000 - 0x00007ff858073000 	C:\WINDOWS\System32\ADVAPI32.dll
0x00007ff8586a0000 - 0x00007ff858737000 	C:\WINDOWS\System32\sechost.dll
0x00007ff8583f0000 - 0x00007ff8583f8000 	C:\WINDOWS\System32\PSAPI.DLL
0x00007ff836fb0000 - 0x00007ff836fb9000 	C:\WINDOWS\SYSTEM32\WSOCK32.dll
0x00007ff859110000 - 0x00007ff85917f000 	C:\WINDOWS\System32\WS2_32.dll
0x00007ff8489a0000 - 0x00007ff8489aa000 	C:\WINDOWS\SYSTEM32\VERSION.dll
0x00007ff8539f0000 - 0x00007ff853a14000 	C:\WINDOWS\SYSTEM32\WINMM.dll
0x00007ff8539c0000 - 0x00007ff8539ed000 	C:\WINDOWS\SYSTEM32\WINMMBASE.dll
0x00007ff857000000 - 0x00007ff85704a000 	C:\WINDOWS\System32\cfgmgr32.dll
0x00007ff856690000 - 0x00007ff8566a1000 	C:\WINDOWS\System32\kernel.appcore.dll
0x00007ff84a630000 - 0x00007ff84a641000 	C:\Program Files\Android\Android Studio\jre\bin\verify.dll
0x00007ff856100000 - 0x00007ff8562f4000 	C:\WINDOWS\SYSTEM32\DBGHELP.DLL
0x00007ff855da0000 - 0x00007ff855dca000 	C:\WINDOWS\SYSTEM32\dbgcore.DLL
0x00007ff844690000 - 0x00007ff8446b9000 	C:\Program Files\Android\Android Studio\jre\bin\java.dll
0x00007ff851c50000 - 0x00007ff851c5b000 	C:\Program Files\Android\Android Studio\jre\bin\jimage.dll
0x00007ff845880000 - 0x00007ff845898000 	C:\Program Files\Android\Android Studio\jre\bin\zip.dll
0x00007ff858740000 - 0x00007ff858e27000 	C:\WINDOWS\System32\SHELL32.dll
0x00007ff858520000 - 0x00007ff8585c9000 	C:\WINDOWS\System32\shcore.dll
0x00007ff856880000 - 0x00007ff856ffb000 	C:\WINDOWS\System32\windows.storage.dll
0x00007ff8566b0000 - 0x00007ff8566ce000 	C:\WINDOWS\System32\profapi.dll
0x00007ff856640000 - 0x00007ff85668a000 	C:\WINDOWS\System32\powrprof.dll
0x00007ff856630000 - 0x00007ff856640000 	C:\WINDOWS\System32\UMPDC.dll
0x00007ff859180000 - 0x00007ff8591d2000 	C:\WINDOWS\System32\shlwapi.dll
0x00007ff8573e0000 - 0x00007ff8573f7000 	C:\WINDOWS\System32\cryptsp.dll
0x00007ff8457c0000 - 0x00007ff8457da000 	C:\Program Files\Android\Android Studio\jre\bin\net.dll
0x00007ff84a910000 - 0x00007ff84aa09000 	C:\WINDOWS\SYSTEM32\WINHTTP.dll
0x00007ff855810000 - 0x00007ff855877000 	C:\WINDOWS\system32\mswsock.dll
0x00007ff843140000 - 0x00007ff843154000 	C:\Program Files\Android\Android Studio\jre\bin\nio.dll
0x00007ff828460000 - 0x00007ff828486000 	C:\Users\UUU\.gradle\native\fdc75f09e3144964f2cf3f50f0aa648679c211496f362492102eb8c894070792\windows-amd64\native-platform.dll
0x00007ff80ec50000 - 0x00007ff80ede1000 	C:\Users\UUU\.gradle\native\12488b8bf47d2d4c9fbf2f6322a914ad602e24e48041cd04a747c6da556b65c4\windows-amd64\native-platform-file-events.dll
0x00007ff851c20000 - 0x00007ff851c2a000 	C:\Program Files\Android\Android Studio\jre\bin\management.dll
0x00007ff851c00000 - 0x00007ff851c0c000 	C:\Program Files\Android\Android Studio\jre\bin\management_ext.dll
0x00007ff855390000 - 0x00007ff8553c3000 	C:\WINDOWS\system32\rsaenh.dll
0x00007ff857650000 - 0x00007ff857676000 	C:\WINDOWS\System32\bcrypt.dll
0x00007ff856520000 - 0x00007ff856545000 	C:\WINDOWS\SYSTEM32\USERENV.dll
0x00007ff8559e0000 - 0x00007ff8559ec000 	C:\WINDOWS\SYSTEM32\CRYPTBASE.dll
0x00007ff855520000 - 0x00007ff85555a000 	C:\WINDOWS\SYSTEM32\IPHLPAPI.DLL
0x00007ff858690000 - 0x00007ff858698000 	C:\WINDOWS\System32\NSI.dll
0x00007ff849870000 - 0x00007ff849886000 	C:\WINDOWS\SYSTEM32\dhcpcsvc6.DLL
0x00007ff84b210000 - 0x00007ff84b22c000 	C:\WINDOWS\SYSTEM32\dhcpcsvc.DLL
0x00007ff855560000 - 0x00007ff85562a000 	C:\WINDOWS\SYSTEM32\DNSAPI.dll
0x00007ff84a5f0000 - 0x00007ff84a5fb000 	C:\WINDOWS\SYSTEM32\WINNSI.DLL

dbghelp: loaded successfully - version: 4.0.5 - missing functions: none
symbol engine: initialized successfully - sym options: 0x614 - pdb path: .;C:\Program Files\Android\Android Studio\jre\bin;C:\WINDOWS\SYSTEM32;C:\WINDOWS\WinSxS\amd64_microsoft.windows.common-controls_6595b64144ccf1df_6.0.18362.1801_none_9e79a739e46243f0;C:\Program Files\Android\Android Studio\jre\bin\server;C:\Users\UUU\.gradle\native\fdc75f09e3144964f2cf3f50f0aa648679c211496f362492102eb8c894070792\windows-amd64;C:\Users\UUU\.gradle\native\12488b8bf47d2d4c9fbf2f6322a914ad602e24e48041cd04a747c6da556b65c4\windows-amd64

VM Arguments:
jvm_args: -Dorg.gradle.appname=gradlew 
java_command: org.gradle.wrapper.GradleWrapperMain -q -Ptarget-platform=android-arm -Ptarget=C:\Users\UUU\Desktop\AREA 51\apps\project2login\lib\main.dart -Pdart-defines=Zmx1dHRlci5pbnNwZWN0b3Iuc3RydWN0dXJlZEVycm9ycz10cnVl,RkxVVFRFUl9XRUJfQVVUT19ERVRFQ1Q9dHJ1ZQ== -Pdart-obfuscation=false -Ptrack-widget-creation=true -Ptree-shake-icons=false -Pfilesystem-scheme=org-dartlang-root assembleDebug
java_class_path (initial): C:\Users\UUU\Desktop\AREA 51\apps\project2login\android\\gradle\wrapper\gradle-wrapper.jar
Launcher Type: SUN_STANDARD

[Global flags]
     intx CICompilerCount                          = 3                                         {product} {ergonomic}
     uint ConcGCThreads                            = 1                                         {product} {ergonomic}
     uint G1ConcRefinementThreads                  = 4                                         {product} {ergonomic}
   size_t G1HeapRegionSize                         = 1048576                                   {product} {ergonomic}
    uintx GCDrainStackTargetSize                   = 64                                        {product} {ergonomic}
   size_t InitialHeapSize                          = 260046848                                 {product} {ergonomic}
   size_t MarkStackSize                            = 4194304                                   {product} {ergonomic}
   size_t MaxHeapSize                              = 4137680896                                {product} {ergonomic}
   size_t MaxNewSize                               = 2481979392                                {product} {ergonomic}
   size_t MinHeapDeltaBytes                        = 1048576                                   {product} {ergonomic}
    uintx NonNMethodCodeHeapSize                   = 5830732                                {pd product} {ergonomic}
    uintx NonProfiledCodeHeapSize                  = 122913754                              {pd product} {ergonomic}
    uintx ProfiledCodeHeapSize                     = 122913754                              {pd product} {ergonomic}
    uintx ReservedCodeCacheSize                    = 251658240                              {pd product} {ergonomic}
     bool SegmentedCodeCache                       = true                                      {product} {ergonomic}
     bool UseCompressedClassPointers               = true                                 {lp64_product} {ergonomic}
     bool UseCompressedOops                        = true                                 {lp64_product} {ergonomic}
     bool UseG1GC                                  = true                                      {product} {ergonomic}
     bool UseLargePagesIndividualAllocation        = false                                  {pd product} {ergonomic}

Logging:
Log output configuration:
 #0: stdout all=warning uptime,level,tags
 #1: stderr all=off uptime,level,tags

Environment Variables:
JAVA_HOME=C:\Program Files\Android\Android Studio\jre
CLASSPATH=C:\Users\UUU\Desktop\AREA 51\apps\project2login\android\\gradle\wrapper\gradle-wrapper.jar
PATH=C:\Program Files\Common Files\Oracle\Java\javapath;C:\Program Files (x86)\NVIDIA Corporation\PhysX\Common;C:\Program Files (x86)\Common Files\Oracle\Java\javapath;C:\WINDOWS\system32;C:\WINDOWS;C:\WINDOWS\System32\Wbem;C:\WINDOWS\System32\WindowsPowerShell\v1.0\;C:\WINDOWS\System32\OpenSSH\;C:\Program Files\Git\cmd;C:\Program Files\dotnet\;C:\Program Files\Microsoft SQL Server\Client SDK\ODBC\170\Tools\Binn\;C:\Program Files (x86)\Microsoft SQL Server\150\Tools\Binn\;C:\Program Files\Microsoft SQL Server\150\Tools\Binn\;C:\Program Files\Microsoft SQL Server\150\DTS\Binn\;C:\Program Files (x86)\Microsoft SQL Server\150\DTS\Binn\;C:\Program Files\Azure Data Studio\bin;C:\Program Files (x86)\dotnet\;C:\src\flutter\flutter\bin;C:\Users\UUU\.dotnet\tools;C:\Program Files\Azure Data Studio\bin;C:\src\flutter\flutter\bin\mingit\cmd
USERNAME=Othniel O. Twumasi
OS=Windows_NT
PROCESSOR_IDENTIFIER=Intel64 Family 6 Model 61 Stepping 4, GenuineIntel



---------------  S Y S T E M  ---------------

OS: Windows 10 , 64 bit Build 18362 (10.0.18362.1766)
OS uptime: 2 days 14:52 hours

CPU:total 4 (initial active 4) (2 cores per cpu, 2 threads per core) family 6 model 61 stepping 4, cmov, cx8, fxsr, mmx, sse, sse2, sse3, ssse3, sse4.1, sse4.2, popcnt, avx, avx2, aes, clmul, erms, 3dnowpref, lzcnt, ht, tsc, tscinvbit, bmi1, bmi2, adx, fma

Memory: 4k page, system-wide physical 15779M (114M free)
TotalPageFile size 35779M (AvailPageFile size 51M)
current process WorkingSet (physical memory assigned to process): 109M, peak: 123M
current process commit charge ("private bytes"): 344M, peak: 358M

vm_info: OpenJDK 64-Bit Server VM (11.0.8+10-b944.6842174) for windows-amd64 JRE (11.0.8+10-b944.6842174), built on Sep 19 2020 01:11:42 by "builder" with MS VC++ 14.0 (VS2015)

END.
